<?xml version="1.0" encoding="UTF-8"?>
<!-- Generated by org.testng.reporters.JUnitReportReporter -->
<testsuite hostname="Samuels-MacBook-Pro.local" failures="0" tests="1" name="com.hrms.tests.Task_2_3" time="7.780" errors="0" timestamp="4 Feb 2021 00:22:25 GMT">
  <testcase classname="com.hrms.tests.Task_2_3" name="test" time="7.780"/>
</testsuite> <!-- com.hrms.tests.Task_2_3 -->
