<?xml version="1.0" encoding="UTF-8"?>
<!-- Generated by org.testng.reporters.JUnitReportReporter -->
<testsuite hostname="Samuels-MacBook-Pro.local" failures="0" tests="1" name="com.hrms.tests.writeExcelTask" time="10.321" errors="0" timestamp="5 Feb 2021 03:08:14 GMT">
  <testcase classname="com.hrms.tests.writeExcelTask" name="test" time="10.321"/>
</testsuite> <!-- com.hrms.tests.writeExcelTask -->
