<?xml version="1.0" encoding="UTF-8"?>
<!-- Generated by org.testng.reporters.JUnitReportReporter -->
<testsuite hostname="Samuels-MBP.fios-router.home" failures="0" tests="1" name="com.hrms.tests.NationalityTestCase" time="9.863" errors="0" timestamp="3 Feb 2021 02:39:48 GMT">
  <testcase classname="com.hrms.tests.NationalityTestCase" name="test" time="9.863"/>
</testsuite> <!-- com.hrms.tests.NationalityTestCase -->
