<?xml version="1.0" encoding="UTF-8"?>
<!-- Generated by org.testng.reporters.JUnitReportReporter -->
<testsuite hostname="Samuels-MacBook-Pro.local" failures="0" tests="2" name="com.hrms.tests.TestingAnnotations" time="0.012" errors="0" timestamp="28 Jan 2021 01:19:28 GMT">
  <testcase classname="com.hrms.tests.TestingAnnotations" name="testCase2" time="0.003"/>
  <testcase classname="com.hrms.tests.TestingAnnotations" name="testCase1" time="0.009"/>
</testsuite> <!-- com.hrms.tests.TestingAnnotations -->
