<?xml version="1.0" encoding="UTF-8"?>
<!-- Generated by org.testng.reporters.JUnitReportReporter -->
<testsuite hostname="Samuels-MacBook-Pro.local" failures="0" tests="3" name="com.hrms.utils.dependencyTesting" time="0.013" errors="0" timestamp="28 Jan 2021 02:22:29 GMT">
  <testcase classname="com.hrms.utils.dependencyTesting" name="testSalutationMessage" time="0.002"/>
  <testcase classname="com.hrms.utils.dependencyTesting" name="initEnvironmentTest" time="0.008"/>
  <testcase classname="com.hrms.utils.dependencyTesting" name="testPrintMessage" time="0.003"/>
</testsuite> <!-- com.hrms.utils.dependencyTesting -->
