<?xml version="1.0" encoding="UTF-8"?>
<!-- Generated by org.testng.reporters.JUnitReportReporter -->
<testsuite hostname="Samuels-MacBook-Pro.local" failures="0" tests="1" name="com.hrms.tests.priorityTesting" time="0.010" errors="0" timestamp="28 Jan 2021 02:27:53 GMT">
  <testcase classname="com.hrms.tests.priorityTesting" name="test1" time="0.010"/>
</testsuite> <!-- com.hrms.tests.priorityTesting -->
