<?xml version="1.0" encoding="UTF-8"?>
<!-- Generated by org.testng.reporters.JUnitReportReporter -->
<testsuite hostname="Samuels-MBP.fios-router.home" failures="0" tests="2" name="com.hrms.tests.TestingAnnotations" time="0.005" errors="0" timestamp="25 Feb 2021 02:11:00 GMT">
  <testcase classname="com.hrms.tests.TestingAnnotations" name="testCase2" time="0.004"/>
  <testcase classname="com.hrms.tests.TestingAnnotations" name="testCase1" time="0.001"/>
</testsuite> <!-- com.hrms.tests.TestingAnnotations -->
