<?xml version="1.0" encoding="UTF-8"?>
<!-- Generated by org.testng.reporters.JUnitReportReporter -->
<testsuite hostname="Samuels-MBP.fios-router.home" failures="0" tests="2" name="com.hrms.tests.testNg_dataProviderTest" time="0.001" errors="0" timestamp="25 Feb 2021 02:11:00 GMT">
  <testcase classname="com.hrms.tests.testNg_dataProviderTest" name="myTest" time="0.000"/>
  <testcase classname="com.hrms.tests.testNg_dataProviderTest" name="myTest" time="0.001"/>
</testsuite> <!-- com.hrms.tests.testNg_dataProviderTest -->
